  Scanning sources for module dependencies...
  pch.h
  Compiling...
  pch.h
  Application.cpp
C:\Users\LEGION\Desktop\Лабы для Коли\BarzhovOpenGL\src\Application.cpp(97,5): warning C4305: 'initializing': truncation from 'double' to 'const GLfloat'
C:\Users\LEGION\Desktop\Лабы для Коли\BarzhovOpenGL\src\Application.cpp(192,25): warning C4244: 'initializing': conversion from 'genType' to 'float', possible loss of data
          with
          [
              genType=double
          ]
C:\Users\LEGION\Desktop\Лабы для Коли\BarzhovOpenGL\src\Application.cpp(192,63): warning C4244: 'initializing': conversion from 'genType' to 'float', possible loss of data
          with
          [
              genType=double
          ]
C:\Users\LEGION\Desktop\Лабы для Коли\BarzhovOpenGL\src\Application.cpp(209,26): warning C4244: '=': conversion from 'double' to 'int', possible loss of data
C:\Users\LEGION\Desktop\Лабы для Коли\BarzhovOpenGL\src\Application.cpp(215,13): message : see reference to function template instantiation 'auto Application::render::<lambda_2>::operator ()<GLFWwindow>(_T1 *,double,double) const' being compiled
          with
          [
              _T1=GLFWwindow
          ]
C:\Users\LEGION\Desktop\Лабы для Коли\BarzhovOpenGL\src\Application.cpp(215,13): message : see reference to function template instantiation 'auto Application::render::<lambda_2>::<lambda_invoker_cdecl><GLFWwindow>(_T1 *,double,double)' being compiled
          with
          [
              _T1=GLFWwindow
          ]
C:\Users\LEGION\Desktop\Лабы для Коли\BarzhovOpenGL\src\Application.cpp(211,26): warning C4244: '=': conversion from 'double' to 'int', possible loss of data
C:\Users\LEGION\Desktop\Лабы для Коли\BarzhovOpenGL\src\Application.cpp(214,25): warning C4244: '=': conversion from 'double' to 'int', possible loss of data
C:\Users\LEGION\Desktop\Лабы для Коли\BarzhovOpenGL\src\Application.cpp(214,36): warning C4244: '=': conversion from 'double' to 'int', possible loss of data
  main.cpp
  Shader.cpp
  Texture.cpp
C:\Users\LEGION\Desktop\Лабы для Коли\BarzhovOpenGL\src\textures\Texture.cpp(16,16): warning C4477: 'printf' : format string '%s' requires an argument of type 'char *', but variadic argument 1 has type 'const std::string'
  Generating Code...
gladd.lib(gl.obj) : warning LNK4099: PDB '' was not found with 'gladd.lib(gl.obj)' or at ''; linking object as if no debug info
glfw3.lib(init.obj) : warning LNK4099: PDB '' was not found with 'glfw3.lib(init.obj)' or at ''; linking object as if no debug info
glfw3.lib(window.obj) : warning LNK4099: PDB '' was not found with 'glfw3.lib(window.obj)' or at ''; linking object as if no debug info
glfw3.lib(input.obj) : warning LNK4099: PDB '' was not found with 'glfw3.lib(input.obj)' or at ''; linking object as if no debug info
glfw3.lib(context.obj) : warning LNK4099: PDB '' was not found with 'glfw3.lib(context.obj)' or at ''; linking object as if no debug info
glfw3.lib(win32_init.obj) : warning LNK4099: PDB '' was not found with 'glfw3.lib(win32_init.obj)' or at ''; linking object as if no debug info
glfw3.lib(win32_monitor.obj) : warning LNK4099: PDB '' was not found with 'glfw3.lib(win32_monitor.obj)' or at ''; linking object as if no debug info
glfw3.lib(win32_time.obj) : warning LNK4099: PDB '' was not found with 'glfw3.lib(win32_time.obj)' or at ''; linking object as if no debug info
glfw3.lib(win32_thread.obj) : warning LNK4099: PDB '' was not found with 'glfw3.lib(win32_thread.obj)' or at ''; linking object as if no debug info
glfw3.lib(monitor.obj) : warning LNK4099: PDB '' was not found with 'glfw3.lib(monitor.obj)' or at ''; linking object as if no debug info
glfw3.lib(vulkan.obj) : warning LNK4099: PDB '' was not found with 'glfw3.lib(vulkan.obj)' or at ''; linking object as if no debug info
glfw3.lib(win32_window.obj) : warning LNK4099: PDB '' was not found with 'glfw3.lib(win32_window.obj)' or at ''; linking object as if no debug info
glfw3.lib(win32_joystick.obj) : warning LNK4099: PDB '' was not found with 'glfw3.lib(win32_joystick.obj)' or at ''; linking object as if no debug info
glfw3.lib(wgl_context.obj) : warning LNK4099: PDB '' was not found with 'glfw3.lib(wgl_context.obj)' or at ''; linking object as if no debug info
glfw3.lib(egl_context.obj) : warning LNK4099: PDB '' was not found with 'glfw3.lib(egl_context.obj)' or at ''; linking object as if no debug info
glfw3.lib(osmesa_context.obj) : warning LNK4099: PDB '' was not found with 'glfw3.lib(osmesa_context.obj)' or at ''; linking object as if no debug info
  OpenGLProject.vcxproj -> C:\Users\LEGION\Desktop\Лабы для Коли\BarzhovOpenGL\x64\Debug\OpenGLProject.exe
